<?xml version="1.0" encoding="UTF-8"?>
<databaseChangeLog xmlns:xsi="http://www.w3.org/2001/XMLSchema-instance"
                   xmlns="http://www.liquibase.org/xml/ns/dbchangelog"
                   xsi:schemaLocation="http://www.liquibase.org/xml/ns/dbchangelog
         http://www.liquibase.org/xml/ns/dbchangelog/dbchangelog-3.3.xsd">

    <changeSet id="test-store-001" author="TechPod"
               logicalFilePath="001-initial-schema.changelog.xml">

        <createTable tableName="test_table">
            <column name="id" type="BIGINT">
                <constraints primaryKey="true" nullable="false"/>
            </column>
            <column name="name" type="TEXT">
                <constraints nullable="false"/>
            </column>
        </createTable>
    </changeSet>
</databaseChangeLog>
